<?xml version="1.0" encoding="UTF-8"?>
<!-- Generated by org.testng.reporters.JUnitXMLReporter -->
<testsuite ignored="0" hostname="DESKTOP" failures="0" tests="6" name="Default test" time="13.276" errors="0" timestamp="2020-11-05T15:48:41 BRT">
  <testcase classname="ComponentesTest.CamposTreinamentoTest" name="campoTreinamentoTest" time="1.609"/>
  <testcase classname="ComponentesTest.CamposTreinamentoTest" name="verificaValoresComboBox" time="0.376"/>
  <testcase classname="ComponentesTest.CamposTreinamentoTest" name="verificaVariosValoresCombo" time="0.591"/>
  <testcase classname="ComponentesTest.CamposTreinamentoTest" name="verificandoBotao" time="0.298"/>
  <testcase classname="ComponentesTest.CamposTreinamentoTest" name="verificandoLink" time="0.247"/>
  <testcase classname="ComponentesTest.CamposTreinamentoTest" name="verificandoTextArea" time="0.375"/>
</testsuite> <!-- Default test -->
